<?xml version="1.0" encoding="UTF-8"?>
<testng-results skipped="0" failed="0" total="1" passed="1">
  <reporter-output>
  </reporter-output>
  <suite name="Default suite" duration-ms="39788" started-at="2020-11-05T15:10:04Z" finished-at="2020-11-05T15:10:44Z">
    <groups>
    </groups>
    <test name="Default test" duration-ms="39788" started-at="2020-11-05T15:10:04Z" finished-at="2020-11-05T15:10:44Z">
      <class name="Tests.BaiduLoginA">
        <test-method status="PASS" signature="methodA()[pri:0, instance:Tests.BaiduLoginA@61a52fbd]" name="methodA" is-config="true" duration-ms="14506" started-at="2020-11-05T23:10:04Z" finished-at="2020-11-05T23:10:18Z">
          <reporter-output>
          </reporter-output>
        </test-method> <!-- methodA -->
        <test-method status="PASS" signature="methodB()[pri:0, instance:Tests.BaiduLoginA@61a52fbd]" name="methodB" duration-ms="19467" started-at="2020-11-05T23:10:18Z" finished-at="2020-11-05T23:10:38Z">
          <reporter-output>
          </reporter-output>
        </test-method> <!-- methodB -->
        <test-method status="PASS" signature="methodC()[pri:0, instance:Tests.BaiduLoginA@61a52fbd]" name="methodC" is-config="true" duration-ms="5791" started-at="2020-11-05T23:10:38Z" finished-at="2020-11-05T23:10:44Z">
          <reporter-output>
          </reporter-output>
        </test-method> <!-- methodC -->
      </class> <!-- Tests.BaiduLoginA -->
    </test> <!-- Default test -->
  </suite> <!-- Default suite -->
</testng-results>
